<?xml version="1.0" encoding="UTF-8"?>
<!-- Generated by org.testng.reporters.JUnitReportReporter -->
<testsuite skipped="0" hostname="LIN25002214" name="com.boomi.testcases.LoginTest" tests="1" failures="0" timestamp="2020-09-29T11:13:48 IST" time="277.446" errors="0">
  <testcase name="loginTest2" time="277.446" classname="com.boomi.testcases.LoginTest"/>
  <system-out/>
</testsuite> <!-- com.boomi.testcases.LoginTest -->
