<?xml version="1.0" encoding="UTF-8"?>
<!-- Generated by org.testng.reporters.JUnitReportReporter -->
<testsuite skipped="9" hostname="LIN25002214" name="com.boomi.testcases.TC_RunFreqIsNA" tests="11" failures="0" timestamp="2021-01-05T11:57:20 GMT" time="108.480" errors="1">
  <testcase name="test_JMS_to_OraFin_ProjectMiscCost" time="108.480" classname="com.boomi.testcases.TC_RunFreqIsNA"/>
  <system-out/>
  <testcase name="test_Ls_JMS_T_APrefund_to_WUB" time="0.000" classname="com.boomi.testcases.TC_RunFreqIsNA">
    <skipped/>
  </testcase> <!-- test_Ls_JMS_T_APrefund_to_WUB -->
  <system-out/>
  <testcase name="tearDown" time="0.000" classname="com.boomi.testcases.TC_RunFreqIsNA">
    <error type="java.lang.NullPointerException">
      <![CDATA[java.lang.NullPointerException
at com.boomi.base.BrowserLaunch.tearDown(BrowserLaunch.java:103)
at sun.reflect.NativeMethodAccessorImpl.invoke0(Native Method)
at sun.reflect.NativeMethodAccessorImpl.invoke(Unknown Source)
at sun.reflect.DelegatingMethodAccessorImpl.invoke(Unknown Source)
at java.lang.reflect.Method.invoke(Unknown Source)
at org.testng.internal.MethodInvocationHelper.invokeMethod(MethodInvocationHelper.java:134)
at org.testng.internal.MethodInvocationHelper.invokeMethodConsideringTimeout(MethodInvocationHelper.java:63)
at org.testng.internal.ConfigInvoker.invokeConfigurationMethod(ConfigInvoker.java:348)
at org.testng.internal.ConfigInvoker.invokeConfigurations(ConfigInvoker.java:302)
at org.testng.internal.TestInvoker.runConfigMethods(TestInvoker.java:695)
at org.testng.internal.TestInvoker.runAfterGroupsConfigurations(TestInvoker.java:671)
at org.testng.internal.TestInvoker.invokeMethod(TestInvoker.java:655)
at org.testng.internal.TestInvoker.invokeTestMethod(TestInvoker.java:173)
at org.testng.internal.MethodRunner.runInSequence(MethodRunner.java:46)
at org.testng.internal.TestInvoker$MethodInvocationAgent.invoke(TestInvoker.java:816)
at org.testng.internal.TestInvoker.invokeTestMethods(TestInvoker.java:146)
at org.testng.internal.TestMethodWorker.invokeTestMethods(TestMethodWorker.java:146)
at org.testng.internal.TestMethodWorker.run(TestMethodWorker.java:128)
at java.util.ArrayList.forEach(Unknown Source)
at org.testng.TestRunner.privateRun(TestRunner.java:766)
at org.testng.TestRunner.run(TestRunner.java:587)
at org.testng.SuiteRunner.runTest(SuiteRunner.java:384)
at org.testng.SuiteRunner.runSequentially(SuiteRunner.java:378)
at org.testng.SuiteRunner.privateRun(SuiteRunner.java:337)
at org.testng.SuiteRunner.run(SuiteRunner.java:286)
at org.testng.SuiteRunnerWorker.runSuite(SuiteRunnerWorker.java:53)
at org.testng.SuiteRunnerWorker.run(SuiteRunnerWorker.java:96)
at org.testng.TestNG.runSuitesSequentially(TestNG.java:1187)
at org.testng.TestNG.runSuitesLocally(TestNG.java:1109)
at org.testng.TestNG.runSuites(TestNG.java:1039)
at org.testng.TestNG.run(TestNG.java:1007)
at org.testng.remote.AbstractRemoteTestNG.run(AbstractRemoteTestNG.java:115)
at org.testng.remote.RemoteTestNG.initAndRun(RemoteTestNG.java:251)
at org.testng.remote.RemoteTestNG.main(RemoteTestNG.java:77)
]]>
    </error>
  </testcase> <!-- tearDown -->
  <system-out/>
  <testcase name="test_MSD365_to_JMS_Q_Uplift_Provisions" time="0.000" classname="com.boomi.testcases.TC_RunFreqIsNA">
    <skipped/>
  </testcase> <!-- test_MSD365_to_JMS_Q_Uplift_Provisions -->
  <system-out/>
  <testcase name="test_Ls_JMS_Q_MSD365_NewDomesticBillDtls" time="0.000" classname="com.boomi.testcases.TC_RunFreqIsNA">
    <skipped/>
  </testcase> <!-- test_Ls_JMS_Q_MSD365_NewDomesticBillDtls -->
  <system-out/>
  <testcase name="test_MSD365_to_JMS_Q_WUB_BillDtls" time="0.000" classname="com.boomi.testcases.TC_RunFreqIsNA">
    <skipped/>
  </testcase> <!-- test_MSD365_to_JMS_Q_WUB_BillDtls -->
  <system-out/>
  <testcase name="test_MSD365_to_JMS_Q_Non_Domestic_Billing_Intermediate" time="0.000" classname="com.boomi.testcases.TC_RunFreqIsNA">
    <skipped/>
  </testcase> <!-- test_MSD365_to_JMS_Q_Non_Domestic_Billing_Intermediate -->
  <system-out/>
  <testcase name="test_OraFin_to_ePay_BACSProcessing_subProcess" time="0.000" classname="com.boomi.testcases.TC_RunFreqIsNA">
    <skipped/>
  </testcase> <!-- test_OraFin_to_ePay_BACSProcessing_subProcess -->
  <system-out/>
  <testcase name="test_MSD365_to_JMS_Q_RCC_Payment" time="0.000" classname="com.boomi.testcases.TC_RunFreqIsNA">
    <skipped/>
  </testcase> <!-- test_MSD365_to_JMS_Q_RCC_Payment -->
  <system-out/>
  <testcase name="test_JMS_to_OraFin_VoucherNA_Capex" time="0.000" classname="com.boomi.testcases.TC_RunFreqIsNA">
    <skipped/>
  </testcase> <!-- test_JMS_to_OraFin_VoucherNA_Capex -->
  <system-out/>
  <testcase name="test_Ls_JMS_T_CapProject_to_OraFin_Manager" time="0.000" classname="com.boomi.testcases.TC_RunFreqIsNA">
    <skipped/>
  </testcase> <!-- test_Ls_JMS_T_CapProject_to_OraFin_Manager -->
  <system-out/>
</testsuite> <!-- com.boomi.testcases.TC_RunFreqIsNA -->
