<?xml version="1.0" encoding="UTF-8"?>
<!-- Generated by org.testng.reporters.JUnitReportReporter -->
<testsuite skipped="0" hostname="LIN25002214" name="com.boomi.testcases.RunAllInForLoop" tests="1" failures="0" timestamp="2021-06-11T10:12:06 BST" time="180.491" errors="0">
  <testcase name="test_Orafin_to_AQueue_ActualCosts" time="180.491" classname="com.boomi.testcases.RunAllInForLoop"/>
  <system-out/>
</testsuite> <!-- com.boomi.testcases.RunAllInForLoop -->
